<html>
<head>
<title>TestNG:  CommentsSmokeTest</title>
<link href="../testng.css" rel="stylesheet" type="text/css" />
<link href="../my-testng.css" rel="stylesheet" type="text/css" />

<style type="text/css">
.log { display: none;} 
.stack-trace { display: none;} 
</style>
<script type="text/javascript">
<!--
function flip(e) {
  current = e.style.display;
  if (current == 'block') {
    e.style.display = 'none';
    return 0;
  }
  else {
    e.style.display = 'block';
    return 1;
  }
}

function toggleBox(szDivId, elem, msg1, msg2)
{
  var res = -1;  if (document.getElementById) {
    res = flip(document.getElementById(szDivId));
  }
  else if (document.all) {
    // this is the way old msie versions work
    res = flip(document.all[szDivId]);
  }
  if(elem) {
    if(res == 0) elem.innerHTML = msg1; else elem.innerHTML = msg2;
  }

}

function toggleAllBoxes() {
  if (document.getElementsByTagName) {
    d = document.getElementsByTagName('div');
    for (i = 0; i < d.length; i++) {
      if (d[i].className == 'log') {
        flip(d[i]);
      }
    }
  }
}

// -->
</script>

</head>
<body>
<h2 align='center'>CommentsSmokeTest</h2><table border='1' align="center">
<tr>
<td>Tests passed/Failed/Skipped:</td><td>4/2/0</td>
</tr><tr>
<td>Started on:</td><td>Mon Jul 05 02:10:57 IST 2021</td>
</tr>
<tr><td>Total time:</td><td>30 seconds (30904 ms)</td>
</tr><tr>
<td>Included groups:</td><td></td>
</tr><tr>
<td>Excluded groups:</td><td></td>
</tr>
</table><p/>
<small><i>(Hover the method name to see the test class name)</i></small><p/>
<table width='100%' border='1' class='invocation-failed'>
<tr><td colspan='4' align='center'><b>FAILED TESTS</b></td></tr>
<tr><td><b>Test method</b></td>
<td width="30%"><b>Exception</b></td>
<td width="10%"><b>Time (seconds)</b></td>
<td><b>Instance</b></td>
</tr>
<tr>
<td title='com.backbase.ui.tests.CommentsSmokeTest.test004_verifyNewleyAddedComment()'><b>test004_verifyNewleyAddedComment</b><br>Test class: com.backbase.ui.tests.CommentsSmokeTest<br>Test method: Validate newley added comment on page<br/>
<a href="#Output-495270907" onClick='toggleBox("Output-495270907", this, "Show output", "Hide output");'>Show output</a>

<a href="#Output-495270907" onClick="toggleAllBoxes();">Show all outputs</a>
<div class='log' id="Output-495270907">
Test Failed... test004_verifyNewleyAddedComment()<br/>
Tests executed are as below:<br/>
<a href='https://qa-task.backbasecloud.com/article/ah-wilderness-yt7l7c' target='_blank'>https://qa-task.backbasecloud.com/article/ah-wilderness-yt7l7c</a><br/>
Path in take screenshotD:\AutomationWorkspace_0.1\Backbase-QA-assignment\screenShots\07-05-2021_02-11-21_CommentsSmokeTest.png<br/>

 failure screenshot:<br/>

 FileName:07-05-2021_02-11-21_CommentsSmokeTest.png<br/>
<img src='D:\AutomationWorkspace_0.1\Backbase-QA-assignment\screenShots\07-05-2021_02-11-21_CommentsSmokeTest.png' target='_blank' ><br>07-05-2021_02-11-21_CommentsSmokeTest.png<br/>
</div>
</td>
<td><div><pre>java.lang.AssertionError: Comments count doesn&apos;t match :  expected [1] but found [0]
	at com.backbase.ui.tests.CommentsSmokeTest.test004_verifyNewleyAddedComment(CommentsSmokeTest.java:51)
	at java.util.concurrent.FutureTask.run(FutureTask.java:266)
	at java.util.concurrent.ThreadPoolExecutor.runWorker(ThreadPoolExecutor.java:1149)
	at java.util.concurrent.ThreadPoolExecutor$Worker.run(ThreadPoolExecutor.java:624)
	at java.lang.Thread.run(Thread.java:748)
... Removed 21 stack frames</pre></div><a href='#' onClick='toggleBox("stack-trace495270907", this, "Click to show all stack frames", "Click to hide stack frames")'>Click to show all stack frames</a>
<div class='stack-trace' id='stack-trace495270907'><pre>java.lang.AssertionError: Comments count doesn&apos;t match :  expected [1] but found [0]
	at org.testng.Assert.fail(Assert.java:96)
	at org.testng.Assert.failNotEquals(Assert.java:776)
	at org.testng.Assert.assertEqualsImpl(Assert.java:137)
	at org.testng.Assert.assertEquals(Assert.java:118)
	at org.testng.Assert.assertEquals(Assert.java:652)
	at com.backbase.ui.tests.CommentsSmokeTest.test004_verifyNewleyAddedComment(CommentsSmokeTest.java:51)
	at sun.reflect.NativeMethodAccessorImpl.invoke0(Native Method)
	at sun.reflect.NativeMethodAccessorImpl.invoke(NativeMethodAccessorImpl.java:62)
	at sun.reflect.DelegatingMethodAccessorImpl.invoke(DelegatingMethodAccessorImpl.java:43)
	at java.lang.reflect.Method.invoke(Method.java:498)
	at org.testng.internal.MethodInvocationHelper.invokeMethod(MethodInvocationHelper.java:124)
	at org.testng.internal.Invoker.invokeMethod(Invoker.java:583)
	at org.testng.internal.Invoker.invokeTestMethod(Invoker.java:719)
	at org.testng.internal.Invoker.invokeTestMethods(Invoker.java:989)
	at org.testng.internal.TestMethodWorker.invokeTestMethods(TestMethodWorker.java:125)
	at org.testng.internal.TestMethodWorker.run(TestMethodWorker.java:109)
	at org.testng.TestRunner.privateRun(TestRunner.java:648)
	at org.testng.TestRunner.run(TestRunner.java:505)
	at org.testng.SuiteRunner.runTest(SuiteRunner.java:455)
	at org.testng.SuiteRunner.access$000(SuiteRunner.java:40)
	at org.testng.SuiteRunner$SuiteWorker.run(SuiteRunner.java:489)
	at org.testng.internal.thread.ThreadUtil$1.call(ThreadUtil.java:52)
	at java.util.concurrent.FutureTask.run(FutureTask.java:266)
	at java.util.concurrent.ThreadPoolExecutor.runWorker(ThreadPoolExecutor.java:1149)
	at java.util.concurrent.ThreadPoolExecutor$Worker.run(ThreadPoolExecutor.java:624)
	at java.lang.Thread.run(Thread.java:748)
</pre></div></td>
<td>6</td>
<td>com.backbase.ui.tests.CommentsSmokeTest@3eb25e1a</td></tr>
<tr>
<td title='com.backbase.ui.tests.CommentsSmokeTest.test005_verifyDeleteComment()'><b>test005_verifyDeleteComment</b><br>Test class: com.backbase.ui.tests.CommentsSmokeTest<br>Test method: Validate delete comment functionlaity<br/>
<a href="#Output-56528631" onClick='toggleBox("Output-56528631", this, "Show output", "Hide output");'>Show output</a>

<a href="#Output-56528631" onClick="toggleAllBoxes();">Show all outputs</a>
<div class='log' id="Output-56528631">
Test Failed... test005_verifyDeleteComment()<br/>
Tests executed are as below:<br/>
<a href='https://qa-task.backbasecloud.com/article/ah-wilderness-yt7l7c' target='_blank'>https://qa-task.backbasecloud.com/article/ah-wilderness-yt7l7c</a><br/>
Path in take screenshotD:\AutomationWorkspace_0.1\Backbase-QA-assignment\screenShots\07-05-2021_02-11-27_CommentsSmokeTest.png<br/>

 failure screenshot:<br/>

 FileName:07-05-2021_02-11-27_CommentsSmokeTest.png<br/>
<img src='D:\AutomationWorkspace_0.1\Backbase-QA-assignment\screenShots\07-05-2021_02-11-27_CommentsSmokeTest.png' target='_blank' ><br>07-05-2021_02-11-27_CommentsSmokeTest.png<br/>
</div>
</td>
<td><div><pre>java.lang.AssertionError: expected [0] but found [1]
	at com.backbase.ui.tests.CommentsSmokeTest.test005_verifyDeleteComment(CommentsSmokeTest.java:61)
	at java.util.concurrent.FutureTask.run(FutureTask.java:266)
	at java.util.concurrent.ThreadPoolExecutor.runWorker(ThreadPoolExecutor.java:1149)
	at java.util.concurrent.ThreadPoolExecutor$Worker.run(ThreadPoolExecutor.java:624)
	at java.lang.Thread.run(Thread.java:748)
... Removed 22 stack frames</pre></div><a href='#' onClick='toggleBox("stack-trace56528631", this, "Click to show all stack frames", "Click to hide stack frames")'>Click to show all stack frames</a>
<div class='stack-trace' id='stack-trace56528631'><pre>java.lang.AssertionError: expected [0] but found [1]
	at org.testng.Assert.fail(Assert.java:96)
	at org.testng.Assert.failNotEquals(Assert.java:776)
	at org.testng.Assert.assertEqualsImpl(Assert.java:137)
	at org.testng.Assert.assertEquals(Assert.java:118)
	at org.testng.Assert.assertEquals(Assert.java:652)
	at org.testng.Assert.assertEquals(Assert.java:662)
	at com.backbase.ui.tests.CommentsSmokeTest.test005_verifyDeleteComment(CommentsSmokeTest.java:61)
	at sun.reflect.NativeMethodAccessorImpl.invoke0(Native Method)
	at sun.reflect.NativeMethodAccessorImpl.invoke(NativeMethodAccessorImpl.java:62)
	at sun.reflect.DelegatingMethodAccessorImpl.invoke(DelegatingMethodAccessorImpl.java:43)
	at java.lang.reflect.Method.invoke(Method.java:498)
	at org.testng.internal.MethodInvocationHelper.invokeMethod(MethodInvocationHelper.java:124)
	at org.testng.internal.Invoker.invokeMethod(Invoker.java:583)
	at org.testng.internal.Invoker.invokeTestMethod(Invoker.java:719)
	at org.testng.internal.Invoker.invokeTestMethods(Invoker.java:989)
	at org.testng.internal.TestMethodWorker.invokeTestMethods(TestMethodWorker.java:125)
	at org.testng.internal.TestMethodWorker.run(TestMethodWorker.java:109)
	at org.testng.TestRunner.privateRun(TestRunner.java:648)
	at org.testng.TestRunner.run(TestRunner.java:505)
	at org.testng.SuiteRunner.runTest(SuiteRunner.java:455)
	at org.testng.SuiteRunner.access$000(SuiteRunner.java:40)
	at org.testng.SuiteRunner$SuiteWorker.run(SuiteRunner.java:489)
	at org.testng.internal.thread.ThreadUtil$1.call(ThreadUtil.java:52)
	at java.util.concurrent.FutureTask.run(FutureTask.java:266)
	at java.util.concurrent.ThreadPoolExecutor.runWorker(ThreadPoolExecutor.java:1149)
	at java.util.concurrent.ThreadPoolExecutor$Worker.run(ThreadPoolExecutor.java:624)
	at java.lang.Thread.run(Thread.java:748)
</pre></div></td>
<td>6</td>
<td>com.backbase.ui.tests.CommentsSmokeTest@3eb25e1a</td></tr>
</table><p>
<table width='100%' border='1' class='invocation-passed'>
<tr><td colspan='4' align='center'><b>PASSED TESTS</b></td></tr>
<tr><td><b>Test method</b></td>
<td width="30%"><b>Exception</b></td>
<td width="10%"><b>Time (seconds)</b></td>
<td><b>Instance</b></td>
</tr>
<tr>
<td title='com.backbase.ui.tests.CommentsSmokeTest.test001_login()'><b>test001_login</b><br>Test class: com.backbase.ui.tests.CommentsSmokeTest<br>Test method: Login to application<br/>
<a href="#Output-1677849313" onClick='toggleBox("Output-1677849313", this, "Show output", "Hide output");'>Show output</a>

<a href="#Output-1677849313" onClick="toggleAllBoxes();">Show all outputs</a>
<div class='log' id="Output-1677849313">
Title : Conduit<br/>
Test Passed... test001_login()<br/>
</div>
</td>
<td></td>
<td>7</td>
<td>com.backbase.ui.tests.CommentsSmokeTest@3eb25e1a</td></tr>
<tr>
<td title='com.backbase.ui.tests.CommentsSmokeTest.test002_articleCreationAndVerification()'><b>test002_articleCreationAndVerification</b><br>Test class: com.backbase.ui.tests.CommentsSmokeTest<br>Test method: Create a new article Aand verify data<br/>
<a href="#Output-1272057416" onClick='toggleBox("Output-1272057416", this, "Show output", "Hide output");'>Show output</a>

<a href="#Output-1272057416" onClick="toggleAllBoxes();">Show all outputs</a>
<div class='log' id="Output-1272057416">
Test Passed... test002_articleCreationAndVerification()<br/>
</div>
</td>
<td></td>
<td>1</td>
<td>com.backbase.ui.tests.CommentsSmokeTest@3eb25e1a</td></tr>
<tr>
<td title='com.backbase.ui.tests.CommentsSmokeTest.test003_AddNewComment()'><b>test003_AddNewComment</b><br>Test class: com.backbase.ui.tests.CommentsSmokeTest<br>Test method: Add comments to newley created post<br/>
<a href="#Output-698453703" onClick='toggleBox("Output-698453703", this, "Show output", "Hide output");'>Show output</a>

<a href="#Output-698453703" onClick="toggleAllBoxes();">Show all outputs</a>
<div class='log' id="Output-698453703">
Test Passed... test003_AddNewComment()<br/>
</div>
</td>
<td></td>
<td>5</td>
<td>com.backbase.ui.tests.CommentsSmokeTest@3eb25e1a</td></tr>
<tr>
<td title='com.backbase.ui.tests.CommentsSmokeTest.test006_logout()'><b>test006_logout</b><br>Test class: com.backbase.ui.tests.CommentsSmokeTest<br>Test method: Logouts from the application<br/>
<a href="#Output-1640272498" onClick='toggleBox("Output-1640272498", this, "Show output", "Hide output");'>Show output</a>

<a href="#Output-1640272498" onClick="toggleAllBoxes();">Show all outputs</a>
<div class='log' id="Output-1640272498">
Test Passed... test006_logout()<br/>
</div>
</td>
<td></td>
<td>0</td>
<td>com.backbase.ui.tests.CommentsSmokeTest@3eb25e1a</td></tr>
</table><p>
</body>
</html>