<?xml version="1.0" encoding="UTF-8"?>
<testng-results skipped="0" failed="2" ignored="0" total="11" passed="9">
  <reporter-output>
    <line>
      <![CDATA[************************** TEST EXECUTION PARAMETERS **************************]]>
    </line>
    <line>
      <![CDATA[Headless Mode : false]]>
    </line>
    <line>
      <![CDATA[Execution Environment : qa]]>
    </line>
    <line>
      <![CDATA[Remote[true] or Local[false] : false]]>
    </line>
    <line>
      <![CDATA[Hub Url : null]]>
    </line>
    <line>
      <![CDATA[Browser : chrome]]>
    </line>
    <line>
      <![CDATA[Application URL : https://qa-task.backbasecloud.com/]]>
    </line>
    <line>
      <![CDATA[Application URL : https://qa-task.backbasecloud.com/]]>
    </line>
    <line>
      <![CDATA[Title : Conduit]]>
    </line>
    <line>
      <![CDATA[Title : Conduit]]>
    </line>
    <line>
      <![CDATA[Test Passed... test001_login()]]>
    </line>
    <line>
      <![CDATA[Test Passed... test001_login()]]>
    </line>
    <line>
      <![CDATA[Test Passed... test002_articleCreationAndVerification()]]>
    </line>
    <line>
      <![CDATA[Articl title before update : Such, Such Were the Joys]]>
    </line>
    <line>
      <![CDATA[Articl title after update : Updated - Such, Such Were the Joys]]>
    </line>
    <line>
      <![CDATA[Test Passed... test002_articleCreationAndVerification()]]>
    </line>
    <line>
      <![CDATA[Test Passed... test003_updateNewleyCreatedArticle()]]>
    </line>
    <line>
      <![CDATA[Test Passed... test004_deleteNewleyCreatedArticle()]]>
    </line>
    <line>
      <![CDATA[Test Passed... test005_logout()]]>
    </line>
    <line>
      <![CDATA[Closing the driver session]]>
    </line>
    <line>
      <![CDATA[Test Passed... test003_AddNewComment()]]>
    </line>
    <line>
      <![CDATA[Test Failed... test004_verifyNewleyAddedComment()]]>
    </line>
    <line>
      <![CDATA[Tests executed are as below:]]>
    </line>
    <line>
      <![CDATA[<a href='https://qa-task.backbasecloud.com/article/ah-wilderness-yt7l7c' target='_blank'>https://qa-task.backbasecloud.com/article/ah-wilderness-yt7l7c</a>]]>
    </line>
    <line>
      <![CDATA[Path in take screenshotD:\AutomationWorkspace_0.1\Backbase-QA-assignment\screenShots\07-05-2021_02-11-21_CommentsSmokeTest.png]]>
    </line>
    <line>
      <![CDATA[
 failure screenshot:]]>
    </line>
    <line>
      <![CDATA[
 FileName:07-05-2021_02-11-21_CommentsSmokeTest.png]]>
    </line>
    <line>
      <![CDATA[<img src='D:\AutomationWorkspace_0.1\Backbase-QA-assignment\screenShots\07-05-2021_02-11-21_CommentsSmokeTest.png' target='_blank' ><br>07-05-2021_02-11-21_CommentsSmokeTest.png]]>
    </line>
    <line>
      <![CDATA[Test Failed... test005_verifyDeleteComment()]]>
    </line>
    <line>
      <![CDATA[Tests executed are as below:]]>
    </line>
    <line>
      <![CDATA[<a href='https://qa-task.backbasecloud.com/article/ah-wilderness-yt7l7c' target='_blank'>https://qa-task.backbasecloud.com/article/ah-wilderness-yt7l7c</a>]]>
    </line>
    <line>
      <![CDATA[Path in take screenshotD:\AutomationWorkspace_0.1\Backbase-QA-assignment\screenShots\07-05-2021_02-11-27_CommentsSmokeTest.png]]>
    </line>
    <line>
      <![CDATA[
 failure screenshot:]]>
    </line>
    <line>
      <![CDATA[
 FileName:07-05-2021_02-11-27_CommentsSmokeTest.png]]>
    </line>
    <line>
      <![CDATA[<img src='D:\AutomationWorkspace_0.1\Backbase-QA-assignment\screenShots\07-05-2021_02-11-27_CommentsSmokeTest.png' target='_blank' ><br>07-05-2021_02-11-27_CommentsSmokeTest.png]]>
    </line>
    <line>
      <![CDATA[Test Passed... test006_logout()]]>
    </line>
    <line>
      <![CDATA[Closing the driver session]]>
    </line>
  </reporter-output>
  <suite name="Smoke Suite" duration-ms="30904" started-at="2021-07-04T20:40:57Z" finished-at="2021-07-04T20:41:28Z">
    <groups>
    </groups>
    <test name="ArticlesSmokeTest" duration-ms="15193" started-at="2021-07-04T20:40:57Z" finished-at="2021-07-04T20:41:12Z">
      <class name="com.backbase.ui.tests.ArticlesSmokeTest">
        <test-method status="PASS" signature="setUp(java.lang.String, java.lang.String, java.lang.String, java.lang.String, org.testng.ITestContext)[pri:0, instance:com.backbase.ui.tests.ArticlesSmokeTest@6c6cb480]" name="setUp" is-config="true" duration-ms="2100" started-at="2021-07-04T20:40:57Z" finished-at="2021-07-04T20:40:59Z">
          <params>
            <param index="0">
              <value>
                <![CDATA[qa]]>
              </value>
            </param>
            <param index="1">
              <value>
                <![CDATA[No]]>
              </value>
            </param>
            <param index="2">
              <value>
                <![CDATA[chrome]]>
              </value>
            </param>
            <param index="3">
              <value is-null="true"/>
            </param>
            <param index="4">
              <value>
                <![CDATA[org.testng.TestRunner@58ea606c]]>
              </value>
            </param>
          </params>
          <reporter-output>
            <line>
              <![CDATA[Application URL : https://qa-task.backbasecloud.com/]]>
            </line>
          </reporter-output>
        </test-method> <!-- setUp -->
        <test-method status="PASS" signature="test001_login()[pri:0, instance:com.backbase.ui.tests.ArticlesSmokeTest@6c6cb480]" name="test001_login" duration-ms="6640" started-at="2021-07-04T20:40:59Z" description="Login to application" finished-at="2021-07-04T20:41:06Z">
          <reporter-output>
            <line>
              <![CDATA[Title : Conduit]]>
            </line>
            <line>
              <![CDATA[Test Passed... test001_login()]]>
            </line>
          </reporter-output>
        </test-method> <!-- test001_login -->
        <test-method status="PASS" signature="test002_articleCreationAndVerification()[pri:0, instance:com.backbase.ui.tests.ArticlesSmokeTest@6c6cb480]" name="test002_articleCreationAndVerification" duration-ms="2212" started-at="2021-07-04T20:41:06Z" description="Create a new article Aand verify data" depends-on-methods="com.backbase.ui.tests.ArticlesSmokeTest.test001_login" finished-at="2021-07-04T20:41:08Z">
          <reporter-output>
            <line>
              <![CDATA[Test Passed... test002_articleCreationAndVerification()]]>
            </line>
          </reporter-output>
        </test-method> <!-- test002_articleCreationAndVerification -->
        <test-method status="PASS" signature="test003_updateNewleyCreatedArticle()[pri:0, instance:com.backbase.ui.tests.ArticlesSmokeTest@6c6cb480]" name="test003_updateNewleyCreatedArticle" duration-ms="2442" started-at="2021-07-04T20:41:08Z" description="Update article created in above step" depends-on-methods="com.backbase.ui.tests.ArticlesSmokeTest.test002_articleCreationAndVerification" finished-at="2021-07-04T20:41:11Z">
          <reporter-output>
            <line>
              <![CDATA[Articl title before update : Such, Such Were the Joys]]>
            </line>
            <line>
              <![CDATA[Articl title after update : Updated - Such, Such Were the Joys]]>
            </line>
            <line>
              <![CDATA[Test Passed... test003_updateNewleyCreatedArticle()]]>
            </line>
          </reporter-output>
        </test-method> <!-- test003_updateNewleyCreatedArticle -->
        <test-method status="PASS" signature="test004_deleteNewleyCreatedArticle()[pri:0, instance:com.backbase.ui.tests.ArticlesSmokeTest@6c6cb480]" name="test004_deleteNewleyCreatedArticle" duration-ms="580" started-at="2021-07-04T20:41:11Z" description="Delete article created in above step" depends-on-methods="com.backbase.ui.tests.ArticlesSmokeTest.test002_articleCreationAndVerification" finished-at="2021-07-04T20:41:11Z">
          <reporter-output>
            <line>
              <![CDATA[Test Passed... test004_deleteNewleyCreatedArticle()]]>
            </line>
          </reporter-output>
        </test-method> <!-- test004_deleteNewleyCreatedArticle -->
        <test-method status="PASS" signature="test005_logout()[pri:0, instance:com.backbase.ui.tests.ArticlesSmokeTest@6c6cb480]" name="test005_logout" duration-ms="483" started-at="2021-07-04T20:41:11Z" description="Logouts from the application" depends-on-methods="com.backbase.ui.tests.ArticlesSmokeTest.test004_deleteNewleyCreatedArticle" finished-at="2021-07-04T20:41:12Z">
          <reporter-output>
            <line>
              <![CDATA[Test Passed... test005_logout()]]>
            </line>
          </reporter-output>
        </test-method> <!-- test005_logout -->
        <test-method status="PASS" signature="tearDown()[pri:0, instance:com.backbase.ui.tests.ArticlesSmokeTest@6c6cb480]" name="tearDown" is-config="true" duration-ms="666" started-at="2021-07-04T20:41:12Z" finished-at="2021-07-04T20:41:12Z">
          <reporter-output>
            <line>
              <![CDATA[Closing the driver session]]>
            </line>
          </reporter-output>
        </test-method> <!-- tearDown -->
      </class> <!-- com.backbase.ui.tests.ArticlesSmokeTest -->
    </test> <!-- ArticlesSmokeTest -->
    <test name="CommentsSmokeTest" duration-ms="30904" started-at="2021-07-04T20:40:57Z" finished-at="2021-07-04T20:41:28Z">
      <class name="com.backbase.ui.tests.CommentsSmokeTest">
        <test-method status="PASS" signature="beforeSuite(java.lang.String, java.lang.String, java.lang.String, java.lang.String)[pri:0, instance:com.backbase.ui.tests.CommentsSmokeTest@3eb25e1a]" name="beforeSuite" is-config="true" duration-ms="15" started-at="2021-07-04T20:40:57Z" finished-at="2021-07-04T20:40:57Z">
          <params>
            <param index="0">
              <value>
                <![CDATA[qa]]>
              </value>
            </param>
            <param index="1">
              <value>
                <![CDATA[No]]>
              </value>
            </param>
            <param index="2">
              <value>
                <![CDATA[chrome]]>
              </value>
            </param>
            <param index="3">
              <value is-null="true"/>
            </param>
          </params>
          <reporter-output>
            <line>
              <![CDATA[************************** TEST EXECUTION PARAMETERS **************************]]>
            </line>
            <line>
              <![CDATA[Headless Mode : false]]>
            </line>
            <line>
              <![CDATA[Execution Environment : qa]]>
            </line>
            <line>
              <![CDATA[Remote[true] or Local[false] : false]]>
            </line>
            <line>
              <![CDATA[Hub Url : null]]>
            </line>
            <line>
              <![CDATA[Browser : chrome]]>
            </line>
          </reporter-output>
        </test-method> <!-- beforeSuite -->
        <test-method status="PASS" signature="setUp(java.lang.String, java.lang.String, java.lang.String, java.lang.String, org.testng.ITestContext)[pri:0, instance:com.backbase.ui.tests.CommentsSmokeTest@3eb25e1a]" name="setUp" is-config="true" duration-ms="2131" started-at="2021-07-04T20:40:57Z" finished-at="2021-07-04T20:40:59Z">
          <params>
            <param index="0">
              <value>
                <![CDATA[qa]]>
              </value>
            </param>
            <param index="1">
              <value>
                <![CDATA[No]]>
              </value>
            </param>
            <param index="2">
              <value>
                <![CDATA[chrome]]>
              </value>
            </param>
            <param index="3">
              <value is-null="true"/>
            </param>
            <param index="4">
              <value>
                <![CDATA[org.testng.TestRunner@6f45df59]]>
              </value>
            </param>
          </params>
          <reporter-output>
            <line>
              <![CDATA[Application URL : https://qa-task.backbasecloud.com/]]>
            </line>
          </reporter-output>
        </test-method> <!-- setUp -->
        <test-method status="PASS" signature="test001_login()[pri:0, instance:com.backbase.ui.tests.CommentsSmokeTest@3eb25e1a]" name="test001_login" duration-ms="7297" started-at="2021-07-04T20:40:59Z" description="Login to application" finished-at="2021-07-04T20:41:07Z">
          <reporter-output>
            <line>
              <![CDATA[Title : Conduit]]>
            </line>
            <line>
              <![CDATA[Test Passed... test001_login()]]>
            </line>
          </reporter-output>
        </test-method> <!-- test001_login -->
        <test-method status="PASS" signature="test002_articleCreationAndVerification()[pri:0, instance:com.backbase.ui.tests.CommentsSmokeTest@3eb25e1a]" name="test002_articleCreationAndVerification" duration-ms="1987" started-at="2021-07-04T20:41:07Z" description="Create a new article Aand verify data" depends-on-methods="com.backbase.ui.tests.CommentsSmokeTest.test001_login" finished-at="2021-07-04T20:41:09Z">
          <reporter-output>
            <line>
              <![CDATA[Test Passed... test002_articleCreationAndVerification()]]>
            </line>
          </reporter-output>
        </test-method> <!-- test002_articleCreationAndVerification -->
        <test-method status="PASS" signature="test003_AddNewComment()[pri:0, instance:com.backbase.ui.tests.CommentsSmokeTest@3eb25e1a]" name="test003_AddNewComment" duration-ms="5480" started-at="2021-07-04T20:41:09Z" description="Add comments to newley created post" depends-on-methods="com.backbase.ui.tests.CommentsSmokeTest.test002_articleCreationAndVerification" finished-at="2021-07-04T20:41:14Z">
          <reporter-output>
            <line>
              <![CDATA[Test Passed... test003_AddNewComment()]]>
            </line>
          </reporter-output>
        </test-method> <!-- test003_AddNewComment -->
        <test-method status="FAIL" signature="test004_verifyNewleyAddedComment()[pri:0, instance:com.backbase.ui.tests.CommentsSmokeTest@3eb25e1a]" name="test004_verifyNewleyAddedComment" duration-ms="6318" started-at="2021-07-04T20:41:14Z" description="Validate newley added comment on page" depends-on-methods="com.backbase.ui.tests.CommentsSmokeTest.test003_AddNewComment" finished-at="2021-07-04T20:41:20Z">
          <exception class="java.lang.AssertionError">
            <message>
              <![CDATA[Comments count doesn't match :  expected [1] but found [0]]]>
            </message>
            <full-stacktrace>
              <![CDATA[java.lang.AssertionError: Comments count doesn't match :  expected [1] but found [0]
at org.testng.Assert.fail(Assert.java:96)
at org.testng.Assert.failNotEquals(Assert.java:776)
at org.testng.Assert.assertEqualsImpl(Assert.java:137)
at org.testng.Assert.assertEquals(Assert.java:118)
at org.testng.Assert.assertEquals(Assert.java:652)
at com.backbase.ui.tests.CommentsSmokeTest.test004_verifyNewleyAddedComment(CommentsSmokeTest.java:51)
at sun.reflect.NativeMethodAccessorImpl.invoke0(Native Method)
at sun.reflect.NativeMethodAccessorImpl.invoke(NativeMethodAccessorImpl.java:62)
at sun.reflect.DelegatingMethodAccessorImpl.invoke(DelegatingMethodAccessorImpl.java:43)
at java.lang.reflect.Method.invoke(Method.java:498)
at org.testng.internal.MethodInvocationHelper.invokeMethod(MethodInvocationHelper.java:124)
at org.testng.internal.Invoker.invokeMethod(Invoker.java:583)
at org.testng.internal.Invoker.invokeTestMethod(Invoker.java:719)
at org.testng.internal.Invoker.invokeTestMethods(Invoker.java:989)
at org.testng.internal.TestMethodWorker.invokeTestMethods(TestMethodWorker.java:125)
at org.testng.internal.TestMethodWorker.run(TestMethodWorker.java:109)
at org.testng.TestRunner.privateRun(TestRunner.java:648)
at org.testng.TestRunner.run(TestRunner.java:505)
at org.testng.SuiteRunner.runTest(SuiteRunner.java:455)
at org.testng.SuiteRunner.access$000(SuiteRunner.java:40)
at org.testng.SuiteRunner$SuiteWorker.run(SuiteRunner.java:489)
at org.testng.internal.thread.ThreadUtil$1.call(ThreadUtil.java:52)
at java.util.concurrent.FutureTask.run(FutureTask.java:266)
at java.util.concurrent.ThreadPoolExecutor.runWorker(ThreadPoolExecutor.java:1149)
at java.util.concurrent.ThreadPoolExecutor$Worker.run(ThreadPoolExecutor.java:624)
at java.lang.Thread.run(Thread.java:748)
]]>
            </full-stacktrace>
          </exception> <!-- java.lang.AssertionError -->
          <reporter-output>
            <line>
              <![CDATA[Test Failed... test004_verifyNewleyAddedComment()]]>
            </line>
            <line>
              <![CDATA[Tests executed are as below:]]>
            </line>
            <line>
              <![CDATA[<a href='https://qa-task.backbasecloud.com/article/ah-wilderness-yt7l7c' target='_blank'>https://qa-task.backbasecloud.com/article/ah-wilderness-yt7l7c</a>]]>
            </line>
            <line>
              <![CDATA[Path in take screenshotD:\AutomationWorkspace_0.1\Backbase-QA-assignment\screenShots\07-05-2021_02-11-21_CommentsSmokeTest.png]]>
            </line>
            <line>
              <![CDATA[
 failure screenshot:]]>
            </line>
            <line>
              <![CDATA[
 FileName:07-05-2021_02-11-21_CommentsSmokeTest.png]]>
            </line>
            <line>
              <![CDATA[<img src='D:\AutomationWorkspace_0.1\Backbase-QA-assignment\screenShots\07-05-2021_02-11-21_CommentsSmokeTest.png' target='_blank' ><br>07-05-2021_02-11-21_CommentsSmokeTest.png]]>
            </line>
          </reporter-output>
        </test-method> <!-- test004_verifyNewleyAddedComment -->
        <test-method status="FAIL" signature="test005_verifyDeleteComment()[pri:0, instance:com.backbase.ui.tests.CommentsSmokeTest@3eb25e1a]" name="test005_verifyDeleteComment" duration-ms="6029" started-at="2021-07-04T20:41:21Z" description="Validate delete comment functionlaity" depends-on-methods="com.backbase.ui.tests.CommentsSmokeTest.test003_AddNewComment" finished-at="2021-07-04T20:41:27Z">
          <exception class="java.lang.AssertionError">
            <message>
              <![CDATA[expected [0] but found [1]]]>
            </message>
            <full-stacktrace>
              <![CDATA[java.lang.AssertionError: expected [0] but found [1]
at org.testng.Assert.fail(Assert.java:96)
at org.testng.Assert.failNotEquals(Assert.java:776)
at org.testng.Assert.assertEqualsImpl(Assert.java:137)
at org.testng.Assert.assertEquals(Assert.java:118)
at org.testng.Assert.assertEquals(Assert.java:652)
at org.testng.Assert.assertEquals(Assert.java:662)
at com.backbase.ui.tests.CommentsSmokeTest.test005_verifyDeleteComment(CommentsSmokeTest.java:61)
at sun.reflect.NativeMethodAccessorImpl.invoke0(Native Method)
at sun.reflect.NativeMethodAccessorImpl.invoke(NativeMethodAccessorImpl.java:62)
at sun.reflect.DelegatingMethodAccessorImpl.invoke(DelegatingMethodAccessorImpl.java:43)
at java.lang.reflect.Method.invoke(Method.java:498)
at org.testng.internal.MethodInvocationHelper.invokeMethod(MethodInvocationHelper.java:124)
at org.testng.internal.Invoker.invokeMethod(Invoker.java:583)
at org.testng.internal.Invoker.invokeTestMethod(Invoker.java:719)
at org.testng.internal.Invoker.invokeTestMethods(Invoker.java:989)
at org.testng.internal.TestMethodWorker.invokeTestMethods(TestMethodWorker.java:125)
at org.testng.internal.TestMethodWorker.run(TestMethodWorker.java:109)
at org.testng.TestRunner.privateRun(TestRunner.java:648)
at org.testng.TestRunner.run(TestRunner.java:505)
at org.testng.SuiteRunner.runTest(SuiteRunner.java:455)
at org.testng.SuiteRunner.access$000(SuiteRunner.java:40)
at org.testng.SuiteRunner$SuiteWorker.run(SuiteRunner.java:489)
at org.testng.internal.thread.ThreadUtil$1.call(ThreadUtil.java:52)
at java.util.concurrent.FutureTask.run(FutureTask.java:266)
at java.util.concurrent.ThreadPoolExecutor.runWorker(ThreadPoolExecutor.java:1149)
at java.util.concurrent.ThreadPoolExecutor$Worker.run(ThreadPoolExecutor.java:624)
at java.lang.Thread.run(Thread.java:748)
]]>
            </full-stacktrace>
          </exception> <!-- java.lang.AssertionError -->
          <reporter-output>
            <line>
              <![CDATA[Test Failed... test005_verifyDeleteComment()]]>
            </line>
            <line>
              <![CDATA[Tests executed are as below:]]>
            </line>
            <line>
              <![CDATA[<a href='https://qa-task.backbasecloud.com/article/ah-wilderness-yt7l7c' target='_blank'>https://qa-task.backbasecloud.com/article/ah-wilderness-yt7l7c</a>]]>
            </line>
            <line>
              <![CDATA[Path in take screenshotD:\AutomationWorkspace_0.1\Backbase-QA-assignment\screenShots\07-05-2021_02-11-27_CommentsSmokeTest.png]]>
            </line>
            <line>
              <![CDATA[
 failure screenshot:]]>
            </line>
            <line>
              <![CDATA[
 FileName:07-05-2021_02-11-27_CommentsSmokeTest.png]]>
            </line>
            <line>
              <![CDATA[<img src='D:\AutomationWorkspace_0.1\Backbase-QA-assignment\screenShots\07-05-2021_02-11-27_CommentsSmokeTest.png' target='_blank' ><br>07-05-2021_02-11-27_CommentsSmokeTest.png]]>
            </line>
          </reporter-output>
        </test-method> <!-- test005_verifyDeleteComment -->
        <test-method status="PASS" signature="test006_logout()[pri:0, instance:com.backbase.ui.tests.CommentsSmokeTest@3eb25e1a]" name="test006_logout" duration-ms="602" started-at="2021-07-04T20:41:27Z" description="Logouts from the application" depends-on-methods="com.backbase.ui.tests.CommentsSmokeTest.test005_verifyDeleteComment" finished-at="2021-07-04T20:41:27Z">
          <reporter-output>
            <line>
              <![CDATA[Test Passed... test006_logout()]]>
            </line>
          </reporter-output>
        </test-method> <!-- test006_logout -->
        <test-method status="PASS" signature="tearDown()[pri:0, instance:com.backbase.ui.tests.CommentsSmokeTest@3eb25e1a]" name="tearDown" is-config="true" duration-ms="676" started-at="2021-07-04T20:41:27Z" finished-at="2021-07-04T20:41:28Z">
          <reporter-output>
            <line>
              <![CDATA[Closing the driver session]]>
            </line>
          </reporter-output>
        </test-method> <!-- tearDown -->
      </class> <!-- com.backbase.ui.tests.CommentsSmokeTest -->
    </test> <!-- CommentsSmokeTest -->
  </suite> <!-- Smoke Suite -->
</testng-results>
